<?xml version="1.0" encoding="UTF-8"?>
<testng-results ignored="0" total="2" passed="2" failed="0" skipped="0">
  <reporter-output>
  </reporter-output>
  <suite started-at="2020-09-25T20:38:27Z" name="Surefire suite" finished-at="2020-09-25T20:38:54Z" duration-ms="27901">
    <groups>
    </groups>
    <test started-at="2020-09-25T20:38:27Z" name="Surefire test" finished-at="2020-09-25T20:38:54Z" duration-ms="27901">
      <class name="com.tests.LogTest">
        <test-method is-config="true" signature="setUp()[pri:0, instance:com.tests.LogTest@441772e]" started-at="2020-09-25T20:38:27Z" name="setUp" finished-at="2020-09-25T20:38:38Z" duration-ms="11073" status="PASS">
          <reporter-output>
          </reporter-output>
        </test-method> <!-- setUp -->
        <test-method signature="title()[pri:1, instance:com.tests.LogTest@441772e]" started-at="2020-09-25T20:38:38Z" name="title" finished-at="2020-09-25T20:38:38Z" duration-ms="7" status="PASS">
          <reporter-output>
          </reporter-output>
        </test-method> <!-- title -->
        <test-method is-config="true" signature="tearDown()[pri:0, instance:com.tests.LogTest@441772e]" started-at="2020-09-25T20:38:38Z" name="tearDown" finished-at="2020-09-25T20:38:42Z" duration-ms="4362" status="PASS">
          <reporter-output>
          </reporter-output>
        </test-method> <!-- tearDown -->
        <test-method is-config="true" signature="setUp()[pri:0, instance:com.tests.LogTest@441772e]" started-at="2020-09-25T20:38:42Z" name="setUp" finished-at="2020-09-25T20:38:50Z" duration-ms="8031" status="PASS">
          <reporter-output>
          </reporter-output>
        </test-method> <!-- setUp -->
        <test-method signature="logo()[pri:2, instance:com.tests.LogTest@441772e]" started-at="2020-09-25T20:38:50Z" name="logo" finished-at="2020-09-25T20:38:50Z" duration-ms="45" status="PASS">
          <reporter-output>
          </reporter-output>
        </test-method> <!-- logo -->
        <test-method is-config="true" signature="tearDown()[pri:0, instance:com.tests.LogTest@441772e]" started-at="2020-09-25T20:38:50Z" name="tearDown" finished-at="2020-09-25T20:38:54Z" duration-ms="4339" status="PASS">
          <reporter-output>
          </reporter-output>
        </test-method> <!-- tearDown -->
      </class> <!-- com.tests.LogTest -->
    </test> <!-- Surefire test -->
  </suite> <!-- Surefire suite -->
</testng-results>
